Compilación iniciada a las 23/02/2015 14:56:53.
     1>Proyecto "D:\Master\Rendering Avanzado (RA)\Practica1\assn2-StarterCode-32bit\assn2.vcxproj" en el nodo 2 (Build destinos).
     1>ClCompile:
         C:\Program Files (x86)\Microsoft Visual Studio 12.0\VC\bin\CL.exe /c /I"D:\Master\Rendering Avanzado (RA)\Practica1\assn2-StarterCode-32bit\glm" /ZI /nologo /W3 /WX- /Od /Oy- /D WIN32 /D _DEBUG /D _CONSOLE /D _UNICODE /D UNICODE /Gm /EHsc /RTC1 /MTd /GS /fp:precise /Zc:wchar_t /Zc:forScope /Fo"Debug\\" /Fd"Debug\vc120.pdb" /Gd /TP /analyze- /errorReport:prompt starter.cpp
         starter.cpp
     1>d:\master\rendering avanzado (ra)\practica1\assn2-startercode-32bit\splines.h(112): warning C4996: 'fopen': This function or variable may be unsafe. Consider using fopen_s instead. To disable deprecation, use _CRT_SECURE_NO_WARNINGS. See online help for details.
                 c:\program files (x86)\microsoft visual studio 12.0\vc\include\stdio.h(211) : vea la declaración de 'fopen'
     1>d:\master\rendering avanzado (ra)\practica1\assn2-startercode-32bit\splines.h(122): warning C4996: 'fscanf': This function or variable may be unsafe. Consider using fscanf_s instead. To disable deprecation, use _CRT_SECURE_NO_WARNINGS. See online help for details.
                 c:\program files (x86)\microsoft visual studio 12.0\vc\include\stdio.h(230) : vea la declaración de 'fscanf'
     1>d:\master\rendering avanzado (ra)\practica1\assn2-startercode-32bit\splines.h(133): warning C4996: 'fscanf': This function or variable may be unsafe. Consider using fscanf_s instead. To disable deprecation, use _CRT_SECURE_NO_WARNINGS. See online help for details.
                 c:\program files (x86)\microsoft visual studio 12.0\vc\include\stdio.h(230) : vea la declaración de 'fscanf'
     1>d:\master\rendering avanzado (ra)\practica1\assn2-startercode-32bit\splines.h(235): warning C4996: 'fopen': This function or variable may be unsafe. Consider using fopen_s instead. To disable deprecation, use _CRT_SECURE_NO_WARNINGS. See online help for details.
                 c:\program files (x86)\microsoft visual studio 12.0\vc\include\stdio.h(211) : vea la declaración de 'fopen'
     1>d:\master\rendering avanzado (ra)\practica1\assn2-startercode-32bit\splines.h(244): warning C4996: 'fscanf': This function or variable may be unsafe. Consider using fscanf_s instead. To disable deprecation, use _CRT_SECURE_NO_WARNINGS. See online help for details.
                 c:\program files (x86)\microsoft visual studio 12.0\vc\include\stdio.h(230) : vea la declaración de 'fscanf'
     1>d:\master\rendering avanzado (ra)\practica1\assn2-startercode-32bit\splines.h(259): warning C4996: 'fscanf': This function or variable may be unsafe. Consider using fscanf_s instead. To disable deprecation, use _CRT_SECURE_NO_WARNINGS. See online help for details.
                 c:\program files (x86)\microsoft visual studio 12.0\vc\include\stdio.h(230) : vea la declaración de 'fscanf'
       Link:
         C:\Program Files (x86)\Microsoft Visual Studio 12.0\VC\bin\link.exe /ERRORREPORT:PROMPT /OUT:"D:\Master\Rendering Avanzado (RA)\Practica1\assn2-StarterCode-32bit\Debug\assn2.exe" /INCREMENTAL /NOLOGO kernel32.lib user32.lib gdi32.lib winspool.lib comdlg32.lib advapi32.lib shell32.lib ole32.lib oleaut32.lib uuid.lib odbc32.lib odbccp32.lib /NODEFAULTLIB:libc.lib /MANIFEST /MANIFESTUAC:"level='asInvoker' uiAccess='false'" /manifest:embed /DEBUG /PDB:"D:\Master\Rendering Avanzado (RA)\Practica1\assn2-StarterCode-32bit\Debug\assn2.pdb" /SUBSYSTEM:CONSOLE /TLBID:1 /DYNAMICBASE /NXCOMPAT /IMPLIB:"D:\Master\Rendering Avanzado (RA)\Practica1\assn2-StarterCode-32bit\Debug\assn2.lib" /MACHINE:X86 /SAFESEH /SAFESEH:NO Debug\path.obj
         Debug\starter.obj
         assn2.vcxproj -> D:\Master\Rendering Avanzado (RA)\Practica1\assn2-StarterCode-32bit\Debug\assn2.exe
     1>Compilación del proyecto terminada "D:\Master\Rendering Avanzado (RA)\Practica1\assn2-StarterCode-32bit\assn2.vcxproj" (Build destinos).

Compilación correcta.

Tiempo transcurrido 00:00:04.70
